<?xml version="1.0" encoding="UTF-8"?>
<testng-results skipped="0" failed="0" ignored="0" total="1" passed="1">
  <reporter-output>
  </reporter-output>
  <suite name="Suite" duration-ms="16524" started-at="2018-04-27T09:07:05Z" finished-at="2018-04-27T09:07:21Z">
    <groups>
    </groups>
    <test name="Cyclos Login" duration-ms="16524" started-at="2018-04-27T09:07:05Z" finished-at="2018-04-27T09:07:21Z">
      <class name="com.testcases.SprintOne">
        <test-method status="PASS" signature="cyclosRegister(java.lang.String)[pri:0, instance:com.testcases.SprintOne@8b7f67]" name="cyclosRegister" duration-ms="16508" started-at="2018-04-27T14:37:05Z" description="Open cyclos banking application &amp; do a new user registration" finished-at="2018-04-27T14:37:21Z">
          <params>
            <param index="0">
              <value>
                <![CDATA[Chrome]]>
              </value>
            </param>
          </params>
          <reporter-output>
          </reporter-output>
        </test-method> <!-- cyclosRegister -->
      </class> <!-- com.testcases.SprintOne -->
    </test> <!-- Cyclos Login -->
  </suite> <!-- Suite -->
</testng-results>
